<?xml version="1.0" encoding="UTF-8"?>
<!-- Generated by org.testng.reporters.JUnitReportReporter -->
<testsuite hostname="brian.lan" failures="0" tests="1" name="com.cryptocurrency.loadTest01" time="0.148" errors="0" timestamp="19 Apr 2018 08:17:22 GMT" skipped="0">
  <testcase classname="com.cryptocurrency.loadTest01" name="checkLaunch" time="0.148"/>
</testsuite> <!-- com.cryptocurrency.loadTest01 -->
